[2025-05-20 11:18:35] [INFO] [MatrixMobileServlet]method = matrix-mobile-config
[2025-05-20 11:18:35] [INFO] [MatrixMobileServlet][matrixMobileConfig] Version = 1.3.7.0, appID = inswave.matrix.mobile
[2025-05-20 11:18:35] [INFO] ::  MATRIX_MOBILE_HOME = C:\InswaveToolSP1\workspace\InsWebApp\matrix_mobile_home
[2025-05-20 11:18:35] [INFO] ::  MATRIX_MOBILE_HOME Config Path = C:\InswaveToolSP1\workspace\InsWebApp\matrix_mobile_home\config
[2025-05-20 11:18:35] [INFO] [RefreshUpdatePatchGenerator] queue wait.
[2025-05-20 11:18:36] [INFO] #########################################
[2025-05-20 11:18:46] [INFO] [MatrixMobileServlet]method = matrix-mobile-config
[2025-05-20 11:18:46] [INFO] [MatrixMobileServlet][matrixMobileConfig] Version = 1.3.7.0, appID = inswave.matrix.mobile
[2025-05-20 11:18:46] [INFO] ::  MATRIX_MOBILE_HOME = C:\InswaveToolSP1\workspace\InsWebApp\matrix_mobile_home
[2025-05-20 11:18:46] [INFO] ::  MATRIX_MOBILE_HOME Config Path = C:\InswaveToolSP1\workspace\InsWebApp\matrix_mobile_home\config
[2025-05-20 11:18:46] [INFO] #########################################
[2025-05-20 12:14:17] [INFO] [MatrixMobileServlet]method = matrix-mobile-config
[2025-05-20 12:14:17] [INFO] [MatrixMobileServlet][matrixMobileConfig] Version = 1.3.7.0, appID = inswave.matrix.mobile
[2025-05-20 12:14:17] [INFO] ::  MATRIX_MOBILE_HOME = C:\InswaveToolSP1\workspace\InsWebApp\matrix_mobile_home
[2025-05-20 12:14:17] [INFO] ::  MATRIX_MOBILE_HOME Config Path = C:\InswaveToolSP1\workspace\InsWebApp\matrix_mobile_home\config
[2025-05-20 12:14:17] [INFO] #########################################
[2025-05-20 12:20:15] [INFO] [MatrixMobileServlet]destroy EXEC
[2025-05-20 12:22:30] [INFO] [MatrixMobileServlet]method = matrix-mobile-config
[2025-05-20 12:22:30] [INFO] [MatrixMobileServlet][matrixMobileConfig] Version = 1.3.7.0, appID = inswave.matrix.mobile
[2025-05-20 12:22:30] [INFO] ::  MATRIX_MOBILE_HOME = C:\InswaveToolSP1\workspace\InsWebApp\matrix_mobile_home
[2025-05-20 12:22:30] [INFO] ::  MATRIX_MOBILE_HOME Config Path = C:\InswaveToolSP1\workspace\InsWebApp\matrix_mobile_home\config
[2025-05-20 12:22:30] [INFO] #########################################
[2025-05-20 12:22:30] [INFO] [RefreshUpdatePatchGenerator] queue wait.
[2025-05-20 12:22:33] [INFO] appID = inswave.matrix.mobile
[2025-05-20 12:22:34] [INFO] YAMLParser new Instance!!!
[2025-05-20 12:22:35] [INFO] [MatrixMobileServlet]method = license
[2025-05-20 12:22:35] [SEVERE] [Matrix Mobile License] Loading License. PATH: /C:\InswaveToolSP1\workspace\InsWebApp\matrix_mobile_home\license\license
[2025-05-20 12:22:35] [SEVERE] [Matrix Mobile License] ############### MATRIX Mobile LICENSE File[1] ####################
[2025-05-20 12:22:37] [SEVERE] [Matrix Mobile License] ############### LICENSE INFO ####################
[2025-05-20 12:22:37] [SEVERE] [Matrix Mobile License] License ID : 1206
[2025-05-20 12:22:37] [SEVERE] [Matrix Mobile License] Customer ID: 2488
[2025-05-20 12:22:37] [SEVERE] [Matrix Mobile License] Name       : 2488
[2025-05-20 12:22:37] [SEVERE] [Matrix Mobile License] License Type: (Demo License)
[2025-05-20 12:22:37] [SEVERE] [Matrix Mobile License] HOST Name  : any
[2025-05-20 12:22:37] [SEVERE] [Matrix Mobile License] IP Address : 0.0.0.0
[2025-05-20 12:22:37] [SEVERE] [Matrix Mobile License] Product ID : 14
[2025-05-20 12:22:37] [SEVERE] [Matrix Mobile License] CPU Number : 256
[2025-05-20 12:22:37] [SEVERE] [Matrix Mobile License] Expiration : Sun Aug 31 00:00:00 KST 2025
[2025-05-20 12:22:37] [SEVERE] [Matrix Mobile License] appID[0] : inswave.wmatrix.template
[2025-05-20 12:22:37] [SEVERE] [Matrix Mobile License] appID[1] : inswave.wmatrix.template
[2025-05-20 12:22:37] [SEVERE] [Matrix Mobile License] #################################################

[2025-05-20 12:22:37] [SEVERE] [Matrix Mobile License] ############### SYSTEM INFO #####################
[2025-05-20 12:22:37] [SEVERE] [Matrix Mobile License] CPU Number : 8
[2025-05-20 12:22:37] [SEVERE] [Matrix Mobile License] HOST Name  : DESKTOP-D5JCSGO
[2025-05-20 12:22:37] [SEVERE] [Matrix Mobile License] IP[0]      : 127.0.0.1
[2025-05-20 12:22:37] [SEVERE] [Matrix Mobile License] IP[1]      : 0:0:0:0:0:0:0:1
[2025-05-20 12:22:37] [SEVERE] [Matrix Mobile License] IP[2]      : fe80:0:0:0:920a:210f:ccce:8168%wlan0
[2025-05-20 12:22:37] [SEVERE] [Matrix Mobile License] IP[3]      : fe80:0:0:0:4859:ffc6:778d:3747%wlan1
[2025-05-20 12:22:37] [SEVERE] [Matrix Mobile License] IP[4]      : 192.168.152.29
[2025-05-20 12:22:37] [SEVERE] [Matrix Mobile License] IP[5]      : fe80:0:0:0:5db3:ee12:bba8:fc3c%wlan2
[2025-05-20 12:22:37] [SEVERE] [Matrix Mobile License] IP[6]      : fe80:0:0:0:7292:83f7:5b43:6d0e%eth6
[2025-05-20 12:22:37] [SEVERE] [Matrix Mobile License] IP[7]      : 172.18.48.1
[2025-05-20 12:22:37] [SEVERE] [Matrix Mobile License] IP[8]      : fe80:0:0:0:37fc:4ff1:b8e8:47d7%eth10
[2025-05-20 12:22:37] [SEVERE] [Matrix Mobile License] #################################################
